<?xml version="1.0" encoding="UTF-8"?>
<!-- Generated by org.testng.reporters.JUnitReportReporter -->
<testsuite skipped="0" hostname="Hituj" name="com.PhpTravel.TravelBook" tests="1" failures="0" timestamp="03 Feb 2018 15:35:25 GMT" time="10.140" errors="0">
  <testcase name="bookTicket" time="10.140" classname="com.PhpTravel.TravelBook"/>
</testsuite> <!-- com.PhpTravel.TravelBook -->
